# Trace file path:      ../traces/3D-7points-O2X160Y160Z160
# Cache ways:           8
# Cache size:           32768
# Block size:           64
# Total HOST Requests:  5632044
# Total HOST Read:      1536044
# Total HOST Write:     4096000
# Total PIMS Read:      0
# Total PIMS In-memory: 0
# PIMS Read Percentage: 0.000000
# Hits rate:            0.958332
# Misses rate:          0.041668
#==============================================================================
# Trace file path:      ../traces/3D-13points-O4X160Y160Z160
# Cache ways:           8
# Cache size:           32768
# Block size:           64
# Total HOST Requests:  6656086
# Total HOST Read:      2560086
# Total HOST Write:     4096000
# Total PIMS Read:      0
# Total PIMS In-memory: 0
# PIMS Read Percentage: 0.000000
# Hits rate:            0.960936
# Misses rate:          0.039064
#==============================================================================
# Trace file path:      ../traces/3D-19points-O6X160Y160Z160
# Cache ways:           8
# Cache size:           32768
# Block size:           64
# Total HOST Requests:  7680128
# Total HOST Read:      3584128
# Total HOST Write:     4096000
# Total PIMS Read:      0
# Total PIMS In-memory: 0
# PIMS Read Percentage: 0.000000
# Hits rate:            0.961955
# Misses rate:          0.038045
#==============================================================================
# Trace file path:      ../traces/3D-25points-O8X160Y160Z160
# Cache ways:           8
# Cache size:           32768
# Block size:           64
# Total HOST Requests:  38456125
# Total HOST Read:      34360125
# Total HOST Write:     4096000
# Total PIMS Read:      0
# Total PIMS In-memory: 0
# PIMS Read Percentage: 0.000000
# Hits rate:            0.720377
# Misses rate:          0.279623
#==============================================================================
# Trace file path:      ../traces/3D-31points-O10X160Y160Z160
# Cache ways:           8
# Cache size:           32768
# Block size:           64
# Total HOST Requests:  46648165
# Total HOST Read:      42552165
# Total HOST Write:     4096000
# Total PIMS Read:      0
# Total PIMS In-memory: 0
# PIMS Read Percentage: 0.000000
# Hits rate:            0.719224
# Misses rate:          0.280776
#==============================================================================
# Trace file path:      ../traces/3D-37points-O12X160Y160Z160
# Cache ways:           8
# Cache size:           32768
# Block size:           64
# Total HOST Requests:  54904202
# Total HOST Read:      50808202
# Total HOST Write:     4096000
# Total PIMS Read:      0
# Total PIMS In-memory: 0
# PIMS Read Percentage: 0.000000
# Hits rate:            0.718083
# Misses rate:          0.281917
#==============================================================================
