# Trace file path:      ../traces/3D-7points-O2X48Y48Z48
# Cache ways:           8
# Cache size:           32768
# Block size:           64
# Total HOST Requests:  152080
# Total HOST Read:      41488
# Total HOST Write:     110592
# Total PIMS Read:      0
# Total PIMS In-memory: 0
# PIMS Read Percentage: 0.000000
# Hits rate:            0.958317
# Misses rate:          0.041683
#==============================================================================
# Trace file path:      ../traces/3D-13points-O4X48Y48Z48
# Cache ways:           8
# Cache size:           32768
# Block size:           64
# Total HOST Requests:  179742
# Total HOST Read:      69150
# Total HOST Write:     110592
# Total PIMS Read:      0
# Total PIMS In-memory: 0
# PIMS Read Percentage: 0.000000
# Hits rate:            0.960921
# Misses rate:          0.039079
#==============================================================================
# Trace file path:      ../traces/3D-19points-O6X48Y48Z48
# Cache ways:           8
# Cache size:           32768
# Block size:           64
# Total HOST Requests:  207404
# Total HOST Read:      96812
# Total HOST Write:     110592
# Total PIMS Read:      0
# Total PIMS In-memory: 0
# PIMS Read Percentage: 0.000000
# Hits rate:            0.961939
# Misses rate:          0.038061
#==============================================================================
# Trace file path:      ../traces/3D-25points-O8X48Y48Z48
# Cache ways:           8
# Cache size:           32768
# Block size:           64
# Total HOST Requests:  235067
# Total HOST Read:      124475
# Total HOST Write:     110592
# Total PIMS Read:      0
# Total PIMS In-memory: 0
# PIMS Read Percentage: 0.000000
# Hits rate:            0.962482
# Misses rate:          0.037518
#==============================================================================
# Trace file path:      ../traces/3D-31points-O10X48Y48Z48
# Cache ways:           8
# Cache size:           32768
# Block size:           64
# Total HOST Requests:  262729
# Total HOST Read:      152137
# Total HOST Write:     110592
# Total PIMS Read:      0
# Total PIMS In-memory: 0
# PIMS Read Percentage: 0.000000
# Hits rate:            0.962820
# Misses rate:          0.037180
#==============================================================================
# Trace file path:      ../traces/3D-37points-O12X48Y48Z48
# Cache ways:           8
# Cache size:           32768
# Block size:           64
# Total HOST Requests:  291242
# Total HOST Read:      180650
# Total HOST Write:     110592
# Total PIMS Read:      0
# Total PIMS In-memory: 0
# PIMS Read Percentage: 0.000000
# Hits rate:            0.962875
# Misses rate:          0.037125
#==============================================================================
