# Trace file path:      ../traces/3D-7points-O2X112Y112Z112
# Cache ways:           8
# Cache size:           32768
# Block size:           64
# Total HOST Requests:  1931808
# Total HOST Read:      526880
# Total HOST Write:     1404928
# Total PIMS Read:      0
# Total PIMS In-memory: 0
# PIMS Read Percentage: 0.000000
# Hits rate:            0.958331
# Misses rate:          0.041669
#==============================================================================
# Trace file path:      ../traces/3D-13points-O4X112Y112Z112
# Cache ways:           8
# Cache size:           32768
# Block size:           64
# Total HOST Requests:  2283070
# Total HOST Read:      878142
# Total HOST Write:     1404928
# Total PIMS Read:      0
# Total PIMS In-memory: 0
# PIMS Read Percentage: 0.000000
# Hits rate:            0.960935
# Misses rate:          0.039065
#==============================================================================
# Trace file path:      ../traces/3D-19points-O6X112Y112Z112
# Cache ways:           8
# Cache size:           32768
# Block size:           64
# Total HOST Requests:  2634332
# Total HOST Read:      1229404
# Total HOST Write:     1404928
# Total PIMS Read:      0
# Total PIMS In-memory: 0
# PIMS Read Percentage: 0.000000
# Hits rate:            0.961954
# Misses rate:          0.038046
#==============================================================================
# Trace file path:      ../traces/3D-25points-O8X112Y112Z112
# Cache ways:           8
# Cache size:           32768
# Block size:           64
# Total HOST Requests:  2985595
# Total HOST Read:      1580667
# Total HOST Write:     1404928
# Total PIMS Read:      0
# Total PIMS In-memory: 0
# PIMS Read Percentage: 0.000000
# Hits rate:            0.962497
# Misses rate:          0.037503
#==============================================================================
# Trace file path:      ../traces/3D-31points-O10X112Y112Z112
# Cache ways:           8
# Cache size:           32768
# Block size:           64
# Total HOST Requests:  3347831
# Total HOST Read:      1942903
# Total HOST Write:     1404928
# Total PIMS Read:      0
# Total PIMS In-memory: 0
# PIMS Read Percentage: 0.000000
# Hits rate:            0.962624
# Misses rate:          0.037376
#==============================================================================
# Trace file path:      ../traces/3D-37points-O12X112Y112Z112
# Cache ways:           8
# Cache size:           32768
# Block size:           64
# Total HOST Requests:  4050283
# Total HOST Read:      2645355
# Total HOST Write:     1404928
# Total PIMS Read:      0
# Total PIMS In-memory: 0
# PIMS Read Percentage: 0.000000
# Hits rate:            0.957207
# Misses rate:          0.042793
#==============================================================================
