# Trace file path:      ../traces/3D-7points-O2X16Y16Z16
# Cache ways:           8
# Cache size:           32768
# Block size:           64
# Total HOST Requests:  4674
# Total HOST Read:      578
# Total HOST Write:     4096
# Total PIMS Read:      0
# Total PIMS In-memory: 0
# PIMS Read Percentage: 0.000000
# Hits rate:            0.984321
# Misses rate:          0.015679
#==============================================================================
# Trace file path:      ../traces/3D-13points-O4X16Y16Z16
# Cache ways:           8
# Cache size:           32768
# Block size:           64
# Total HOST Requests:  4738
# Total HOST Read:      642
# Total HOST Write:     4096
# Total PIMS Read:      0
# Total PIMS In-memory: 0
# PIMS Read Percentage: 0.000000
# Hits rate:            0.990204
# Misses rate:          0.009796
#==============================================================================
# Trace file path:      ../traces/3D-19points-O6X16Y16Z16
# Cache ways:           8
# Cache size:           32768
# Block size:           64
# Total HOST Requests:  4802
# Total HOST Read:      706
# Total HOST Write:     4096
# Total PIMS Read:      0
# Total PIMS In-memory: 0
# PIMS Read Percentage: 0.000000
# Hits rate:            0.992506
# Misses rate:          0.007494
#==============================================================================
# Trace file path:      ../traces/3D-25points-O8X16Y16Z16
# Cache ways:           8
# Cache size:           32768
# Block size:           64
# Total HOST Requests:  4867
# Total HOST Read:      771
# Total HOST Write:     4096
# Total PIMS Read:      0
# Total PIMS In-memory: 0
# PIMS Read Percentage: 0.000000
# Hits rate:            0.993726
# Misses rate:          0.006274
#==============================================================================
# Trace file path:      ../traces/3D-31points-O10X16Y16Z16
# Cache ways:           8
# Cache size:           32768
# Block size:           64
# Total HOST Requests:  4931
# Total HOST Read:      835
# Total HOST Write:     4096
# Total PIMS Read:      0
# Total PIMS In-memory: 0
# PIMS Read Percentage: 0.000000
# Hits rate:            0.994490
# Misses rate:          0.005510
#==============================================================================
# Trace file path:      ../traces/3D-37points-O12X16Y16Z16
# Cache ways:           8
# Cache size:           32768
# Block size:           64
# Total HOST Requests:  4994
# Total HOST Read:      898
# Total HOST Write:     4096
# Total PIMS Read:      0
# Total PIMS In-memory: 0
# PIMS Read Percentage: 0.000000
# Hits rate:            0.995017
# Misses rate:          0.004983
#==============================================================================
