# Trace file path:      ../traces/3D-7points-O2X80Y80Z80
# Cache ways:           8
# Cache size:           32768
# Block size:           64
# Total HOST Requests:  704024
# Total HOST Read:      192024
# Total HOST Write:     512000
# Total PIMS Read:      0
# Total PIMS In-memory: 0
# PIMS Read Percentage: 0.000000
# Hits rate:            0.958328
# Misses rate:          0.041672
#==============================================================================
# Trace file path:      ../traces/3D-13points-O4X80Y80Z80
# Cache ways:           8
# Cache size:           32768
# Block size:           64
# Total HOST Requests:  832046
# Total HOST Read:      320046
# Total HOST Write:     512000
# Total PIMS Read:      0
# Total PIMS In-memory: 0
# PIMS Read Percentage: 0.000000
# Hits rate:            0.960932
# Misses rate:          0.039068
#==============================================================================
# Trace file path:      ../traces/3D-19points-O6X80Y80Z80
# Cache ways:           8
# Cache size:           32768
# Block size:           64
# Total HOST Requests:  960068
# Total HOST Read:      448068
# Total HOST Write:     512000
# Total PIMS Read:      0
# Total PIMS In-memory: 0
# PIMS Read Percentage: 0.000000
# Hits rate:            0.961951
# Misses rate:          0.038049
#==============================================================================
# Trace file path:      ../traces/3D-25points-O8X80Y80Z80
# Cache ways:           8
# Cache size:           32768
# Block size:           64
# Total HOST Requests:  1088091
# Total HOST Read:      576091
# Total HOST Write:     512000
# Total PIMS Read:      0
# Total PIMS In-memory: 0
# PIMS Read Percentage: 0.000000
# Hits rate:            0.962494
# Misses rate:          0.037506
#==============================================================================
# Trace file path:      ../traces/3D-31points-O10X80Y80Z80
# Cache ways:           8
# Cache size:           32768
# Block size:           64
# Total HOST Requests:  1220112
# Total HOST Read:      708112
# Total HOST Write:     512000
# Total PIMS Read:      0
# Total PIMS In-memory: 0
# PIMS Read Percentage: 0.000000
# Hits rate:            0.962621
# Misses rate:          0.037379
#==============================================================================
# Trace file path:      ../traces/3D-37points-O12X80Y80Z80
# Cache ways:           8
# Cache size:           32768
# Block size:           64
# Total HOST Requests:  1348122
# Total HOST Read:      836122
# Total HOST Write:     512000
# Total PIMS Read:      0
# Total PIMS In-memory: 0
# PIMS Read Percentage: 0.000000
# Hits rate:            0.962885
# Misses rate:          0.037115
#==============================================================================
