# Trace file path:      ../traces/3D-7points-O2X32Y32Z32
# Cache ways:           8
# Cache size:           32768
# Block size:           64
# Total HOST Requests:  37122
# Total HOST Read:      4354
# Total HOST Write:     32768
# Total PIMS Read:      0
# Total PIMS In-memory: 0
# PIMS Read Percentage: 0.000000
# Hits rate:            0.985236
# Misses rate:          0.014764
#==============================================================================
# Trace file path:      ../traces/3D-13points-O4X32Y32Z32
# Cache ways:           8
# Cache size:           32768
# Block size:           64
# Total HOST Requests:  45386
# Total HOST Read:      12618
# Total HOST Write:     32768
# Total PIMS Read:      0
# Total PIMS In-memory: 0
# PIMS Read Percentage: 0.000000
# Hits rate:            0.975933
# Misses rate:          0.024067
#==============================================================================
# Trace file path:      ../traces/3D-19points-O6X32Y32Z32
# Cache ways:           8
# Cache size:           32768
# Block size:           64
# Total HOST Requests:  61472
# Total HOST Read:      28704
# Total HOST Write:     32768
# Total PIMS Read:      0
# Total PIMS In-memory: 0
# PIMS Read Percentage: 0.000000
# Hits rate:            0.961914
# Misses rate:          0.038086
#==============================================================================
# Trace file path:      ../traces/3D-25points-O8X32Y32Z32
# Cache ways:           8
# Cache size:           32768
# Block size:           64
# Total HOST Requests:  299491
# Total HOST Read:      266723
# Total HOST Write:     32768
# Total PIMS Read:      0
# Total PIMS In-memory: 0
# PIMS Read Percentage: 0.000000
# Hits rate:            0.728675
# Misses rate:          0.271325
#==============================================================================
# Trace file path:      ../traces/3D-31points-O10X32Y32Z32
# Cache ways:           8
# Cache size:           32768
# Block size:           64
# Total HOST Requests:  365035
# Total HOST Read:      332267
# Total HOST Write:     32768
# Total PIMS Read:      0
# Total PIMS In-memory: 0
# PIMS Read Percentage: 0.000000
# Hits rate:            0.725946
# Misses rate:          0.274054
#==============================================================================
# Trace file path:      ../traces/3D-37points-O12X32Y32Z32
# Cache ways:           8
# Cache size:           32768
# Block size:           64
# Total HOST Requests:  431090
# Total HOST Read:      398322
# Total HOST Write:     32768
# Total PIMS Read:      0
# Total PIMS In-memory: 0
# PIMS Read Percentage: 0.000000
# Hits rate:            0.723731
# Misses rate:          0.276269
#==============================================================================
