# Trace file path:      ../traces/3D-7points-O2X144Y144Z144
# Cache ways:           8
# Cache size:           32768
# Block size:           64
# Total HOST Requests:  4105768
# Total HOST Read:      1119784
# Total HOST Write:     2985984
# Total PIMS Read:      0
# Total PIMS In-memory: 0
# PIMS Read Percentage: 0.000000
# Hits rate:            0.958332
# Misses rate:          0.041668
#==============================================================================
# Trace file path:      ../traces/3D-13points-O4X144Y144Z144
# Cache ways:           8
# Cache size:           32768
# Block size:           64
# Total HOST Requests:  4852302
# Total HOST Read:      1866318
# Total HOST Write:     2985984
# Total PIMS Read:      0
# Total PIMS In-memory: 0
# PIMS Read Percentage: 0.000000
# Hits rate:            0.960936
# Misses rate:          0.039064
#==============================================================================
# Trace file path:      ../traces/3D-19points-O6X144Y144Z144
# Cache ways:           8
# Cache size:           32768
# Block size:           64
# Total HOST Requests:  5598836
# Total HOST Read:      2612852
# Total HOST Write:     2985984
# Total PIMS Read:      0
# Total PIMS In-memory: 0
# PIMS Read Percentage: 0.000000
# Hits rate:            0.961955
# Misses rate:          0.038045
#==============================================================================
# Trace file path:      ../traces/3D-25points-O8X144Y144Z144
# Cache ways:           8
# Cache size:           32768
# Block size:           64
# Total HOST Requests:  6345371
# Total HOST Read:      3359387
# Total HOST Write:     2985984
# Total PIMS Read:      0
# Total PIMS In-memory: 0
# PIMS Read Percentage: 0.000000
# Hits rate:            0.962498
# Misses rate:          0.037502
#==============================================================================
# Trace file path:      ../traces/3D-31points-O10X144Y144Z144
# Cache ways:           8
# Cache size:           32768
# Block size:           64
# Total HOST Requests:  7838367
# Total HOST Read:      4852383
# Total HOST Write:     2985984
# Total PIMS Read:      0
# Total PIMS In-memory: 0
# PIMS Read Percentage: 0.000000
# Hits rate:            0.956080
# Misses rate:          0.043920
#==============================================================================
# Trace file path:      ../traces/3D-37points-O12X144Y144Z144
# Cache ways:           8
# Cache size:           32768
# Block size:           64
# Total HOST Requests:  10077806
# Total HOST Read:      7091822
# Total HOST Write:     2985984
# Total PIMS Read:      0
# Total PIMS In-memory: 0
# PIMS Read Percentage: 0.000000
# Hits rate:            0.946022
# Misses rate:          0.053978
#==============================================================================
