# Trace file path:      ../traces/PIMS-3D-7points-O2X128Y128Z128
# Cache ways:           8
# Cache size:           32768
# Block size:           64
# Total HOST Requests:  4456450
# Total HOST Read:      2359298
# Total HOST Write:     2097152
# Total PIMS Read:      2097152
# Total PIMS In-memory: 12582912
# PIMS Read Percentage: 0.888888
# Hits rate:            0.958333
# Misses rate:          0.041667
#==============================================================================
# Trace file path:      ../traces/PIMS-3D-13points-O4X128Y128Z128
# Cache ways:           8
# Cache size:           32768
# Block size:           64
# Total HOST Requests:  6553602
# Total HOST Read:      4456450
# Total HOST Write:     2097152
# Total PIMS Read:      4194304
# Total PIMS In-memory: 25165824
# PIMS Read Percentage: 0.941176
# Hits rate:            0.968750
# Misses rate:          0.031250
#==============================================================================
# Trace file path:      ../traces/PIMS-3D-19points-O6X128Y128Z128
# Cache ways:           8
# Cache size:           32768
# Block size:           64
# Total HOST Requests:  8650754
# Total HOST Read:      6553602
# Total HOST Write:     2097152
# Total PIMS Read:      6291456
# Total PIMS In-memory: 37748736
# PIMS Read Percentage: 0.960000
# Hits rate:            0.975000
# Misses rate:          0.025000
#==============================================================================
# Trace file path:      ../traces/PIMS-3D-25points-O8X128Y128Z128
# Cache ways:           8
# Cache size:           32768
# Block size:           64
# Total HOST Requests:  10747907
# Total HOST Read:      8650755
# Total HOST Write:     2097152
# Total PIMS Read:      8388608
# Total PIMS In-memory: 50331648
# PIMS Read Percentage: 0.969697
# Hits rate:            0.979166
# Misses rate:          0.020834
#==============================================================================
# Trace file path:      ../traces/PIMS-3D-31points-O10X128Y128Z128
# Cache ways:           8
# Cache size:           32768
# Block size:           64
# Total HOST Requests:  12845059
# Total HOST Read:      10747907
# Total HOST Write:     2097152
# Total PIMS Read:      10485760
# Total PIMS In-memory: 62914560
# PIMS Read Percentage: 0.975609
# Hits rate:            0.982143
# Misses rate:          0.017857
#==============================================================================
# Trace file path:      ../traces/PIMS-3D-37points-O12X128Y128Z128
# Cache ways:           8
# Cache size:           32768
# Block size:           64
# Total HOST Requests:  14942210
# Total HOST Read:      12845058
# Total HOST Write:     2097152
# Total PIMS Read:      12582912
# Total PIMS In-memory: 75497472
# PIMS Read Percentage: 0.979592
# Hits rate:            0.984375
# Misses rate:          0.015625
#==============================================================================
