# Trace file path:       ../traces/3D-7points-O2X112Y112Z112
# Stencil Dimension:    3, X: 112, Y: 112, Z: 112
# Stencil Grid Size:    1404928
# Stencil Outer Size:   1481544
# Stencil Order:        2
#==============================================================================
# Trace file path:       ../traces/3D-13points-O4X112Y112Z112
# Stencil Dimension:    3, X: 112, Y: 112, Z: 112
# Stencil Grid Size:    1404928
# Stencil Outer Size:   1560896
# Stencil Order:        4
#==============================================================================
# Trace file path:       ../traces/3D-19points-O6X112Y112Z112
# Stencil Dimension:    3, X: 112, Y: 112, Z: 112
# Stencil Grid Size:    1404928
# Stencil Outer Size:   1643032
# Stencil Order:        6
#==============================================================================
# Trace file path:       ../traces/3D-25points-O8X112Y112Z112
# Stencil Dimension:    3, X: 112, Y: 112, Z: 112
# Stencil Grid Size:    1404928
# Stencil Outer Size:   1728000
# Stencil Order:        8
#==============================================================================
# Trace file path:       ../traces/3D-31points-O10X112Y112Z112
# Stencil Dimension:    3, X: 112, Y: 112, Z: 112
# Stencil Grid Size:    1404928
# Stencil Outer Size:   1815848
# Stencil Order:        10
#==============================================================================
# Trace file path:       ../traces/3D-37points-O12X112Y112Z112
# Stencil Dimension:    3, X: 112, Y: 112, Z: 112
# Stencil Grid Size:    1404928
# Stencil Outer Size:   1906624
# Stencil Order:        12
#==============================================================================
