# Trace file path:       ../traces/3D-7points-O2X96Y96Z96
# Stencil Dimension:    3, X: 96, Y: 96, Z: 96
# Stencil Grid Size:    884736
# Stencil Outer Size:   941192
# Stencil Order:        2
#==============================================================================
# Trace file path:       ../traces/3D-13points-O4X96Y96Z96
# Stencil Dimension:    3, X: 96, Y: 96, Z: 96
# Stencil Grid Size:    884736
# Stencil Outer Size:   1000000
# Stencil Order:        4
#==============================================================================
# Trace file path:       ../traces/3D-19points-O6X96Y96Z96
# Stencil Dimension:    3, X: 96, Y: 96, Z: 96
# Stencil Grid Size:    884736
# Stencil Outer Size:   1061208
# Stencil Order:        6
#==============================================================================
# Trace file path:       ../traces/3D-25points-O8X96Y96Z96
# Stencil Dimension:    3, X: 96, Y: 96, Z: 96
# Stencil Grid Size:    884736
# Stencil Outer Size:   1124864
# Stencil Order:        8
#==============================================================================
# Trace file path:       ../traces/3D-31points-O10X96Y96Z96
# Stencil Dimension:    3, X: 96, Y: 96, Z: 96
# Stencil Grid Size:    884736
# Stencil Outer Size:   1191016
# Stencil Order:        10
#==============================================================================
# Trace file path:       ../traces/3D-37points-O12X96Y96Z96
# Stencil Dimension:    3, X: 96, Y: 96, Z: 96
# Stencil Grid Size:    884736
# Stencil Outer Size:   1259712
# Stencil Order:        12
#==============================================================================
