# Trace file path:       ../traces/3D-7points-O2X48Y48Z48
# Stencil Dimension:    3, X: 48, Y: 48, Z: 48
# Stencil Grid Size:    110592
# Stencil Outer Size:   125000
# Stencil Order:        2
#==============================================================================
# Trace file path:       ../traces/3D-13points-O4X48Y48Z48
# Stencil Dimension:    3, X: 48, Y: 48, Z: 48
# Stencil Grid Size:    110592
# Stencil Outer Size:   140608
# Stencil Order:        4
#==============================================================================
# Trace file path:       ../traces/3D-19points-O6X48Y48Z48
# Stencil Dimension:    3, X: 48, Y: 48, Z: 48
# Stencil Grid Size:    110592
# Stencil Outer Size:   157464
# Stencil Order:        6
#==============================================================================
# Trace file path:       ../traces/3D-25points-O8X48Y48Z48
# Stencil Dimension:    3, X: 48, Y: 48, Z: 48
# Stencil Grid Size:    110592
# Stencil Outer Size:   175616
# Stencil Order:        8
#==============================================================================
# Trace file path:       ../traces/3D-31points-O10X48Y48Z48
# Stencil Dimension:    3, X: 48, Y: 48, Z: 48
# Stencil Grid Size:    110592
# Stencil Outer Size:   195112
# Stencil Order:        10
#==============================================================================
# Trace file path:       ../traces/3D-37points-O12X48Y48Z48
# Stencil Dimension:    3, X: 48, Y: 48, Z: 48
# Stencil Grid Size:    110592
# Stencil Outer Size:   216000
# Stencil Order:        12
#==============================================================================
