# Trace file path:       ../traces/HOST-3D-25points-O8X32Y32Z32
# Stencil Dimension:    3, X: 32, Y: 32, Z: 32
# Stencil Grid Size:    32768
# Stencil Outer Size:   64000
# Stencil Order:        8
#==============================================================================
# Trace file path:       ../traces/HOST-3D-25points-O8X32Y32Z32
# Stencil Dimension:    3, X: 32, Y: 32, Z: 32
# Stencil Grid Size:    32768
# Stencil Outer Size:   64000
# Stencil Order:        8
#==============================================================================
# Trace file path:       ../traces/HOST-3D-25points-O8X32Y32Z32
# Stencil Dimension:    3, X: 32, Y: 32, Z: 32
# Stencil Grid Size:    32768
# Stencil Outer Size:   64000
# Stencil Order:        8
#==============================================================================
# Trace file path:       ../traces/HOST-3D-25points-O8X32Y32Z32
# Stencil Dimension:    3, X: 32, Y: 32, Z: 32
# Stencil Grid Size:    32768
# Stencil Outer Size:   64000
# Stencil Order:        8
#==============================================================================
# Trace file path:       ../traces/HOST-3D-25points-O8X32Y32Z32
# Stencil Dimension:    3, X: 32, Y: 32, Z: 32
# Stencil Grid Size:    32768
# Stencil Outer Size:   64000
# Stencil Order:        8
#==============================================================================
# Trace file path:       ../traces/HOST-3D-25points-O8X32Y32Z32
# Stencil Dimension:    3, X: 32, Y: 32, Z: 32
# Stencil Grid Size:    32768
# Stencil Outer Size:   64000
# Stencil Order:        8
#==============================================================================
# Trace file path:       ../traces/HOST-3D-25points-O8X32Y32Z32
# Stencil Dimension:    3, X: 32, Y: 32, Z: 32
# Stencil Grid Size:    32768
# Stencil Outer Size:   64000
# Stencil Order:        8
#==============================================================================
# Trace file path:       ../traces/HOST-3D-25points-O8X32Y32Z32
# Stencil Dimension:    3, X: 32, Y: 32, Z: 32
# Stencil Grid Size:    32768
# Stencil Outer Size:   64000
# Stencil Order:        8
#==============================================================================
# Trace file path:       ../traces/HOST-3D-25points-O8X32Y32Z32
# Stencil Dimension:    3, X: 32, Y: 32, Z: 32
# Stencil Grid Size:    32768
# Stencil Outer Size:   64000
# Stencil Order:        8
#==============================================================================
# Trace file path:       ../traces/HOST-3D-25points-O8X48Y48Z48
# Stencil Dimension:    3, X: 48, Y: 48, Z: 48
# Stencil Grid Size:    110592
# Stencil Outer Size:   175616
# Stencil Order:        8
#==============================================================================
# Trace file path:       ../traces/HOST-3D-25points-O8X48Y48Z48
# Stencil Dimension:    3, X: 48, Y: 48, Z: 48
# Stencil Grid Size:    110592
# Stencil Outer Size:   175616
# Stencil Order:        8
#==============================================================================
# Trace file path:       ../traces/HOST-3D-25points-O8X48Y48Z48
# Stencil Dimension:    3, X: 48, Y: 48, Z: 48
# Stencil Grid Size:    110592
# Stencil Outer Size:   175616
# Stencil Order:        8
#==============================================================================
# Trace file path:       ../traces/HOST-3D-25points-O8X48Y48Z48
# Stencil Dimension:    3, X: 48, Y: 48, Z: 48
# Stencil Grid Size:    110592
# Stencil Outer Size:   175616
# Stencil Order:        8
#==============================================================================
# Trace file path:       ../traces/HOST-3D-25points-O8X48Y48Z48
# Stencil Dimension:    3, X: 48, Y: 48, Z: 48
# Stencil Grid Size:    110592
# Stencil Outer Size:   175616
# Stencil Order:        8
#==============================================================================
# Trace file path:       ../traces/HOST-3D-25points-O8X48Y48Z48
# Stencil Dimension:    3, X: 48, Y: 48, Z: 48
# Stencil Grid Size:    110592
# Stencil Outer Size:   175616
# Stencil Order:        8
#==============================================================================
# Trace file path:       ../traces/HOST-3D-25points-O8X48Y48Z48
# Stencil Dimension:    3, X: 48, Y: 48, Z: 48
# Stencil Grid Size:    110592
# Stencil Outer Size:   175616
# Stencil Order:        8
#==============================================================================
# Trace file path:       ../traces/HOST-3D-25points-O8X48Y48Z48
# Stencil Dimension:    3, X: 48, Y: 48, Z: 48
# Stencil Grid Size:    110592
# Stencil Outer Size:   175616
# Stencil Order:        8
#==============================================================================
# Trace file path:       ../traces/HOST-3D-25points-O8X48Y48Z48
# Stencil Dimension:    3, X: 48, Y: 48, Z: 48
# Stencil Grid Size:    110592
# Stencil Outer Size:   175616
# Stencil Order:        8
#==============================================================================
# Trace file path:       ../traces/HOST-3D-25points-O8X64Y64Z64
# Stencil Dimension:    3, X: 64, Y: 64, Z: 64
# Stencil Grid Size:    262144
# Stencil Outer Size:   373248
# Stencil Order:        8
#==============================================================================
# Trace file path:       ../traces/HOST-3D-25points-O8X64Y64Z64
# Stencil Dimension:    3, X: 64, Y: 64, Z: 64
# Stencil Grid Size:    262144
# Stencil Outer Size:   373248
# Stencil Order:        8
#==============================================================================
# Trace file path:       ../traces/HOST-3D-25points-O8X64Y64Z64
# Stencil Dimension:    3, X: 64, Y: 64, Z: 64
# Stencil Grid Size:    262144
# Stencil Outer Size:   373248
# Stencil Order:        8
#==============================================================================
# Trace file path:       ../traces/HOST-3D-25points-O8X64Y64Z64
# Stencil Dimension:    3, X: 64, Y: 64, Z: 64
# Stencil Grid Size:    262144
# Stencil Outer Size:   373248
# Stencil Order:        8
#==============================================================================
# Trace file path:       ../traces/HOST-3D-25points-O8X64Y64Z64
# Stencil Dimension:    3, X: 64, Y: 64, Z: 64
# Stencil Grid Size:    262144
# Stencil Outer Size:   373248
# Stencil Order:        8
#==============================================================================
# Trace file path:       ../traces/HOST-3D-25points-O8X64Y64Z64
# Stencil Dimension:    3, X: 64, Y: 64, Z: 64
# Stencil Grid Size:    262144
# Stencil Outer Size:   373248
# Stencil Order:        8
#==============================================================================
# Trace file path:       ../traces/HOST-3D-25points-O8X64Y64Z64
# Stencil Dimension:    3, X: 64, Y: 64, Z: 64
# Stencil Grid Size:    262144
# Stencil Outer Size:   373248
# Stencil Order:        8
#==============================================================================
# Trace file path:       ../traces/HOST-3D-25points-O8X64Y64Z64
# Stencil Dimension:    3, X: 64, Y: 64, Z: 64
# Stencil Grid Size:    262144
# Stencil Outer Size:   373248
# Stencil Order:        8
#==============================================================================
# Trace file path:       ../traces/HOST-3D-25points-O8X64Y64Z64
# Stencil Dimension:    3, X: 64, Y: 64, Z: 64
# Stencil Grid Size:    262144
# Stencil Outer Size:   373248
# Stencil Order:        8
#==============================================================================
