# Trace file path:       ../traces/3D-7points-O2X256Y256Z256
# Stencil Dimension:    3, X: 256, Y: 256, Z: 256
# Stencil Grid Size:    16777216
# Stencil Outer Size:   17173512
# Stencil Order:        2
#==============================================================================
# Trace file path:       ../traces/3D-13points-O4X256Y256Z256
# Stencil Dimension:    3, X: 256, Y: 256, Z: 256
# Stencil Grid Size:    16777216
# Stencil Outer Size:   17576000
# Stencil Order:        4
#==============================================================================
# Trace file path:       ../traces/3D-19points-O6X256Y256Z256
# Stencil Dimension:    3, X: 256, Y: 256, Z: 256
# Stencil Grid Size:    16777216
# Stencil Outer Size:   17984728
# Stencil Order:        6
#==============================================================================
# Trace file path:       ../traces/3D-25points-O8X256Y256Z256
# Stencil Dimension:    3, X: 256, Y: 256, Z: 256
# Stencil Grid Size:    16777216
# Stencil Outer Size:   18399744
# Stencil Order:        8
#==============================================================================
# Trace file path:       ../traces/3D-31points-O10X256Y256Z256
# Stencil Dimension:    3, X: 256, Y: 256, Z: 256
# Stencil Grid Size:    16777216
# Stencil Outer Size:   18821096
# Stencil Order:        10
#==============================================================================
# Trace file path:       ../traces/3D-37points-O12X256Y256Z256
# Stencil Dimension:    3, X: 256, Y: 256, Z: 256
# Stencil Grid Size:    16777216
# Stencil Outer Size:   19248832
# Stencil Order:        12
#==============================================================================
