# Trace file path:       ../traces/3D-7points-O2X160Y160Z160
# Stencil Dimension:    3, X: 160, Y: 160, Z: 160
# Stencil Grid Size:    4096000
# Stencil Outer Size:   4251528
# Stencil Order:        2
#==============================================================================
# Trace file path:       ../traces/3D-13points-O4X160Y160Z160
# Stencil Dimension:    3, X: 160, Y: 160, Z: 160
# Stencil Grid Size:    4096000
# Stencil Outer Size:   4410944
# Stencil Order:        4
#==============================================================================
# Trace file path:       ../traces/3D-19points-O6X160Y160Z160
# Stencil Dimension:    3, X: 160, Y: 160, Z: 160
# Stencil Grid Size:    4096000
# Stencil Outer Size:   4574296
# Stencil Order:        6
#==============================================================================
# Trace file path:       ../traces/3D-25points-O8X160Y160Z160
# Stencil Dimension:    3, X: 160, Y: 160, Z: 160
# Stencil Grid Size:    4096000
# Stencil Outer Size:   4741632
# Stencil Order:        8
#==============================================================================
# Trace file path:       ../traces/3D-31points-O10X160Y160Z160
# Stencil Dimension:    3, X: 160, Y: 160, Z: 160
# Stencil Grid Size:    4096000
# Stencil Outer Size:   4913000
# Stencil Order:        10
#==============================================================================
# Trace file path:       ../traces/3D-37points-O12X160Y160Z160
# Stencil Dimension:    3, X: 160, Y: 160, Z: 160
# Stencil Grid Size:    4096000
# Stencil Outer Size:   5088448
# Stencil Order:        12
#==============================================================================
