# Trace file path:       ../traces/3D-7points-O2X144Y144Z144
# Stencil Dimension:    3, X: 144, Y: 144, Z: 144
# Stencil Grid Size:    2985984
# Stencil Outer Size:   3112136
# Stencil Order:        2
#==============================================================================
# Trace file path:       ../traces/3D-13points-O4X144Y144Z144
# Stencil Dimension:    3, X: 144, Y: 144, Z: 144
# Stencil Grid Size:    2985984
# Stencil Outer Size:   3241792
# Stencil Order:        4
#==============================================================================
# Trace file path:       ../traces/3D-19points-O6X144Y144Z144
# Stencil Dimension:    3, X: 144, Y: 144, Z: 144
# Stencil Grid Size:    2985984
# Stencil Outer Size:   3375000
# Stencil Order:        6
#==============================================================================
# Trace file path:       ../traces/3D-25points-O8X144Y144Z144
# Stencil Dimension:    3, X: 144, Y: 144, Z: 144
# Stencil Grid Size:    2985984
# Stencil Outer Size:   3511808
# Stencil Order:        8
#==============================================================================
# Trace file path:       ../traces/3D-31points-O10X144Y144Z144
# Stencil Dimension:    3, X: 144, Y: 144, Z: 144
# Stencil Grid Size:    2985984
# Stencil Outer Size:   3652264
# Stencil Order:        10
#==============================================================================
# Trace file path:       ../traces/3D-37points-O12X144Y144Z144
# Stencil Dimension:    3, X: 144, Y: 144, Z: 144
# Stencil Grid Size:    2985984
# Stencil Outer Size:   3796416
# Stencil Order:        12
#==============================================================================
