# Trace file path:       ../traces/3D-7points-O2X80Y80Z80
# Stencil Dimension:    3, X: 80, Y: 80, Z: 80
# Stencil Grid Size:    512000
# Stencil Outer Size:   551368
# Stencil Order:        2
#==============================================================================
# Trace file path:       ../traces/3D-13points-O4X80Y80Z80
# Stencil Dimension:    3, X: 80, Y: 80, Z: 80
# Stencil Grid Size:    512000
# Stencil Outer Size:   592704
# Stencil Order:        4
#==============================================================================
# Trace file path:       ../traces/3D-19points-O6X80Y80Z80
# Stencil Dimension:    3, X: 80, Y: 80, Z: 80
# Stencil Grid Size:    512000
# Stencil Outer Size:   636056
# Stencil Order:        6
#==============================================================================
# Trace file path:       ../traces/3D-25points-O8X80Y80Z80
# Stencil Dimension:    3, X: 80, Y: 80, Z: 80
# Stencil Grid Size:    512000
# Stencil Outer Size:   681472
# Stencil Order:        8
#==============================================================================
# Trace file path:       ../traces/3D-31points-O10X80Y80Z80
# Stencil Dimension:    3, X: 80, Y: 80, Z: 80
# Stencil Grid Size:    512000
# Stencil Outer Size:   729000
# Stencil Order:        10
#==============================================================================
# Trace file path:       ../traces/3D-37points-O12X80Y80Z80
# Stencil Dimension:    3, X: 80, Y: 80, Z: 80
# Stencil Grid Size:    512000
# Stencil Outer Size:   778688
# Stencil Order:        12
#==============================================================================
